<?xml version="1.0" encoding="UTF-8"?>
<!-- Generated by org.testng.reporters.JUnitXMLReporter -->
<testsuite ignored="0" hostname="Jesuwin" failures="0" tests="13" name="Default test" time="56.008" errors="0" timestamp="17 Apr 2020 03:46:59 GMT">
  <testcase classname="testcases.TestCaseOne" name="loginPageTest" time="8.029"/>
  <testcase classname="testcases.TestCaseOne" name="DashBoardTest" time="2.72"/>
  <testcase classname="testcases.TestCaseOne" name="assignPageTest" time="11.505"/>
  <testcase classname="testcases.TestCaseOne" name="goToPIMModule" time="1.39"/>
  <testcase classname="testcases.TestCaseOne" name="PimPageTest" time="3.41"/>
  <testcase classname="testcases.TestCaseOne" name="newEmployeeTest" time="3.957"/>
  <testcase classname="testcases.TestCaseOne" name="directoryPageTest" time="7.871"/>
  <testcase classname="testcases.TestCaseOne" name="goToPurgeRecords" time="1.165"/>
  <testcase classname="testcases.TestCaseOne" name="maintenancePageTest" time="3.086"/>
  <testcase classname="testcases.TestCaseOne" name="navigateToLeaveReportsPage" time="1.325"/>
  <testcase classname="testcases.TestCaseOne" name="leaveReportPageTest" time="5.157"/>
  <testcase classname="testcases.TestCaseOne" name="navigateToTimeSheetPage" time="1.428"/>
  <testcase classname="testcases.TestCaseOne" name="getTimeSheetForEmp" time="0.185"/>
</testsuite> <!-- Default test -->
