<?xml version="1.0" encoding="UTF-8"?>
<!-- Generated by org.testng.reporters.JUnitXMLReporter -->
<testsuite ignored="0" hostname="Jesuwin" failures="0" tests="7" name="Test" time="25.075" errors="0" timestamp="15 Apr 2020 01:39:19 GMT">
  <testcase classname="testcases.test2" name="EportalLoginPageTest" time="5.212"/>
  <testcase classname="testcases.test2" name="navigateToSakthi" time="0.035"/>
  <testcase classname="testcases.test1" name="loginPageTest" time="7.138"/>
  <testcase classname="testcases.test1" name="DashBoardTest" time="2.63"/>
  <testcase classname="testcases.test1" name="assignPageTest" time="5.331"/>
  <testcase classname="testcases.test1" name="PimPageTest" time="3.546"/>
  <testcase classname="testcases.test1" name="newEmployeeTest" time="2.415"/>
</testsuite> <!-- Test -->
