<?xml version="1.0" encoding="UTF-8"?>
<!-- Generated by org.testng.reporters.JUnitXMLReporter -->
<testsuite ignored="0" hostname="Jesuwin" failures="0" tests="7" name="GenericTest" time="36.06" errors="0" timestamp="16 Apr 2020 10:46:24 GMT">
  <testcase classname="testcases.TestCaseOne" name="loginPageTest" time="6.683"/>
  <testcase classname="testcases.TestCaseOne" name="DashBoardTest" time="2.767"/>
  <testcase classname="testcases.TestCaseOne" name="assignPageTest" time="9.14"/>
  <testcase classname="testcases.TestCaseOne" name="PimPageTest" time="4.42"/>
  <testcase classname="testcases.TestCaseOne" name="newEmployeeTest" time="3.328"/>
  <testcase classname="testcases.TestCaseOne" name="directoryPageTest" time="2.415"/>
  <testcase classname="testcases.TestCaseOne" name="maintenancePageTest" time="3.287"/>
</testsuite> <!-- GenericTest -->
