<?xml version="1.0" encoding="UTF-8"?>
<!-- Generated by org.testng.reporters.JUnitXMLReporter -->
<testsuite ignored="0" hostname="Jesuwin" failures="0" tests="7" name="GenericTest" time="36.638" errors="0" timestamp="16 Apr 2020 02:16:10 GMT">
  <testcase classname="testcases.TestCaseOne" name="loginPageTest" time="7.272"/>
  <testcase classname="testcases.TestCaseOne" name="DashBoardTest" time="2.882"/>
  <testcase classname="testcases.TestCaseOne" name="assignPageTest" time="9.112"/>
  <testcase classname="testcases.TestCaseOne" name="PimPageTest" time="4.431"/>
  <testcase classname="testcases.TestCaseOne" name="newEmployeeTest" time="3.321"/>
  <testcase classname="testcases.TestCaseOne" name="directoryPageTest" time="2.406"/>
  <testcase classname="testcases.TestCaseOne" name="maintenancePageTest" time="2.773"/>
</testsuite> <!-- GenericTest -->
