<?xml version="1.0" encoding="UTF-8"?>
<!-- Generated by org.testng.reporters.JUnitXMLReporter -->
<testsuite ignored="0" hostname="Jesuwin" failures="0" tests="5" name="Test" time="25.357" errors="0" timestamp="14 Apr 2020 00:56:25 GMT">
  <testcase classname="testcases.test1" name="loginPageTest" time="6.89"/>
  <testcase classname="testcases.test1" name="DashBoardTest" time="2.39"/>
  <testcase classname="testcases.test1" name="assignPageTest" time="5.278"/>
  <testcase classname="testcases.test1" name="PimPageTest" time="2.968"/>
  <testcase classname="testcases.test1" name="newEmployeeTest" time="2.339"/>
</testsuite> <!-- Test -->
