<?xml version="1.0" encoding="UTF-8"?>
<!-- Generated by org.testng.reporters.JUnitXMLReporter -->
<testsuite ignored="0" hostname="Jesuwin" failures="0" tests="7" name="Test" time="23.85" errors="0" timestamp="15 Apr 2020 06:36:44 GMT">
  <testcase classname="testcases.TestCaseTwo" name="EportalLoginPageTest" time="4.838"/>
  <testcase classname="testcases.TestCaseTwo" name="navigateToSakthi" time="0.025"/>
  <testcase classname="testcases.TestCaseOne" name="loginPageTest" time="6.832"/>
  <testcase classname="testcases.TestCaseOne" name="DashBoardTest" time="2.66"/>
  <testcase classname="testcases.TestCaseOne" name="assignPageTest" time="5.189"/>
  <testcase classname="testcases.TestCaseOne" name="PimPageTest" time="2.93"/>
  <testcase classname="testcases.TestCaseOne" name="newEmployeeTest" time="2.292"/>
</testsuite> <!-- Test -->
