<?xml version="1.0" encoding="UTF-8"?>
<testng-results ignored="0" total="13" passed="13" failed="0" skipped="0">
  <reporter-output>
  </reporter-output>
  <suite started-at="2020-04-17T08:01:39Z" name="GenericTestingSuite" finished-at="2020-04-17T08:02:37Z" duration-ms="57939">
    <groups>
    </groups>
    <test started-at="2020-04-17T08:01:39Z" name="GenericTest" finished-at="2020-04-17T08:02:37Z" duration-ms="57939">
      <class name="testcases.TestCaseOne">
        <test-method is-config="true" signature="setup()[pri:0, instance:testcases.TestCaseOne@71def8f8]" started-at="2020-04-17T08:01:40Z" name="setup" finished-at="2020-04-17T08:01:44Z" duration-ms="4217" status="PASS">
          <reporter-output>
          </reporter-output>
        </test-method> <!-- setup -->
        <test-method signature="loginPageTest(java.util.Map)[pri:0, instance:testcases.TestCaseOne@71def8f8]" started-at="2020-04-17T08:01:44Z" name="loginPageTest" data-provider="Authentication" finished-at="2020-04-17T08:01:53Z" duration-ms="9433" status="PASS">
          <params>
            <param index="0">
              <value>
                <![CDATA[{uname=Admin, pass=admin123}]]>
              </value>
            </param>
          </params>
          <reporter-output>
          </reporter-output>
        </test-method> <!-- loginPageTest -->
        <test-method is-config="true" signature="setup()[pri:0, instance:testcases.TestCaseOne@71def8f8]" started-at="2020-04-17T08:01:53Z" name="setup" finished-at="2020-04-17T08:01:53Z" duration-ms="14" status="PASS">
          <reporter-output>
          </reporter-output>
        </test-method> <!-- setup -->
        <test-method signature="DashBoardTest()[pri:0, instance:testcases.TestCaseOne@71def8f8]" started-at="2020-04-17T08:01:53Z" name="DashBoardTest" finished-at="2020-04-17T08:01:55Z" depends-on-methods="testcases.TestCaseOne.loginPageTest" duration-ms="1813" status="PASS">
          <reporter-output>
          </reporter-output>
        </test-method> <!-- DashBoardTest -->
        <test-method is-config="true" signature="setup()[pri:0, instance:testcases.TestCaseOne@71def8f8]" started-at="2020-04-17T08:01:55Z" name="setup" finished-at="2020-04-17T08:01:55Z" duration-ms="36" status="PASS">
          <reporter-output>
          </reporter-output>
        </test-method> <!-- setup -->
        <test-method signature="assignPageTest(java.util.Map)[pri:0, instance:testcases.TestCaseOne@71def8f8]" started-at="2020-04-17T08:01:55Z" name="assignPageTest" data-provider="AssignLeaveProvider" finished-at="2020-04-17T08:02:08Z" depends-on-methods="testcases.TestCaseOne.DashBoardTest" duration-ms="12430" status="PASS">
          <params>
            <param index="0">
              <value>
                <![CDATA[{empname=John Smith, duration=Full Day, leavetype=Vacation US, todate=2020-06-01, partialday=All Days, comment=Vacation, fromdate=2020-05-01}]]>
              </value>
            </param>
          </params>
          <reporter-output>
          </reporter-output>
        </test-method> <!-- assignPageTest -->
        <test-method is-config="true" signature="setup()[pri:0, instance:testcases.TestCaseOne@71def8f8]" started-at="2020-04-17T08:02:08Z" name="setup" finished-at="2020-04-17T08:02:08Z" duration-ms="13" status="PASS">
          <reporter-output>
          </reporter-output>
        </test-method> <!-- setup -->
        <test-method signature="goToPIMModule()[pri:0, instance:testcases.TestCaseOne@71def8f8]" started-at="2020-04-17T08:02:08Z" name="goToPIMModule" finished-at="2020-04-17T08:02:09Z" depends-on-methods="testcases.TestCaseOne.assignPageTest" duration-ms="1466" status="PASS">
          <reporter-output>
          </reporter-output>
        </test-method> <!-- goToPIMModule -->
        <test-method is-config="true" signature="setup()[pri:0, instance:testcases.TestCaseOne@71def8f8]" started-at="2020-04-17T08:02:09Z" name="setup" finished-at="2020-04-17T08:02:09Z" duration-ms="15" status="PASS">
          <reporter-output>
          </reporter-output>
        </test-method> <!-- setup -->
        <test-method signature="PimPageTest(java.util.Map)[pri:0, instance:testcases.TestCaseOne@71def8f8]" started-at="2020-04-17T08:02:09Z" name="PimPageTest" data-provider="PIMProvider" finished-at="2020-04-17T08:02:13Z" depends-on-methods="testcases.TestCaseOne.goToPIMModule" duration-ms="3197" status="PASS">
          <params>
            <param index="0">
              <value>
                <![CDATA[{emptosearch=Hannah Flores}]]>
              </value>
            </param>
          </params>
          <reporter-output>
          </reporter-output>
        </test-method> <!-- PimPageTest -->
        <test-method is-config="true" signature="setup()[pri:0, instance:testcases.TestCaseOne@71def8f8]" started-at="2020-04-17T08:02:13Z" name="setup" finished-at="2020-04-17T08:02:13Z" duration-ms="16" status="PASS">
          <reporter-output>
          </reporter-output>
        </test-method> <!-- setup -->
        <test-method signature="newEmployeeTest(java.util.Map)[pri:0, instance:testcases.TestCaseOne@71def8f8]" started-at="2020-04-17T08:02:13Z" name="newEmployeeTest" data-provider="newEmpPimProvider" finished-at="2020-04-17T08:02:16Z" depends-on-methods="testcases.TestCaseOne.PimPageTest" duration-ms="3858" status="PASS">
          <params>
            <param index="0">
              <value>
                <![CDATA[{empid=1020.0, middlename=S, firstname=Jesuwin, lastname=Wilfred}]]>
              </value>
            </param>
          </params>
          <reporter-output>
          </reporter-output>
        </test-method> <!-- newEmployeeTest -->
        <test-method is-config="true" signature="setup()[pri:0, instance:testcases.TestCaseOne@71def8f8]" started-at="2020-04-17T08:02:16Z" name="setup" finished-at="2020-04-17T08:02:16Z" duration-ms="15" status="PASS">
          <reporter-output>
          </reporter-output>
        </test-method> <!-- setup -->
        <test-method signature="directoryPageTest(java.util.Map)[pri:0, instance:testcases.TestCaseOne@71def8f8]" started-at="2020-04-17T08:02:16Z" name="directoryPageTest" data-provider="directoryDetails" finished-at="2020-04-17T08:02:20Z" depends-on-methods="testcases.TestCaseOne.newEmployeeTest" duration-ms="3283" status="PASS">
          <params>
            <param index="0">
              <value>
                <![CDATA[{emptosearch=Hannah Flores}]]>
              </value>
            </param>
          </params>
          <reporter-output>
          </reporter-output>
        </test-method> <!-- directoryPageTest -->
        <test-method is-config="true" signature="setup()[pri:0, instance:testcases.TestCaseOne@71def8f8]" started-at="2020-04-17T08:02:20Z" name="setup" finished-at="2020-04-17T08:02:20Z" duration-ms="8" status="PASS">
          <reporter-output>
          </reporter-output>
        </test-method> <!-- setup -->
        <test-method signature="goToPurgeRecords()[pri:0, instance:testcases.TestCaseOne@71def8f8]" started-at="2020-04-17T08:02:20Z" name="goToPurgeRecords" finished-at="2020-04-17T08:02:21Z" depends-on-methods="testcases.TestCaseOne.directoryPageTest" duration-ms="1296" status="PASS">
          <reporter-output>
          </reporter-output>
        </test-method> <!-- goToPurgeRecords -->
        <test-method is-config="true" signature="setup()[pri:0, instance:testcases.TestCaseOne@71def8f8]" started-at="2020-04-17T08:02:21Z" name="setup" finished-at="2020-04-17T08:02:21Z" duration-ms="20" status="PASS">
          <reporter-output>
          </reporter-output>
        </test-method> <!-- setup -->
        <test-method signature="maintenancePageTest(java.util.Map)[pri:0, instance:testcases.TestCaseOne@71def8f8]" started-at="2020-04-17T08:02:21Z" name="maintenancePageTest" data-provider="maintenanceProvider" finished-at="2020-04-17T08:02:24Z" depends-on-methods="testcases.TestCaseOne.goToPurgeRecords" duration-ms="2436" status="PASS">
          <params>
            <param index="0">
              <value>
                <![CDATA[{emptosearch=Hannah Flores}]]>
              </value>
            </param>
          </params>
          <reporter-output>
          </reporter-output>
        </test-method> <!-- maintenancePageTest -->
        <test-method is-config="true" signature="setup()[pri:0, instance:testcases.TestCaseOne@71def8f8]" started-at="2020-04-17T08:02:24Z" name="setup" finished-at="2020-04-17T08:02:24Z" duration-ms="11" status="PASS">
          <reporter-output>
          </reporter-output>
        </test-method> <!-- setup -->
        <test-method signature="navigateToLeaveReportsPage()[pri:0, instance:testcases.TestCaseOne@71def8f8]" started-at="2020-04-17T08:02:24Z" name="navigateToLeaveReportsPage" finished-at="2020-04-17T08:02:25Z" depends-on-methods="testcases.TestCaseOne.maintenancePageTest" duration-ms="1367" status="PASS">
          <reporter-output>
          </reporter-output>
        </test-method> <!-- navigateToLeaveReportsPage -->
        <test-method is-config="true" signature="setup()[pri:0, instance:testcases.TestCaseOne@71def8f8]" started-at="2020-04-17T08:02:25Z" name="setup" finished-at="2020-04-17T08:02:25Z" duration-ms="13" status="PASS">
          <reporter-output>
          </reporter-output>
        </test-method> <!-- setup -->
        <test-method signature="leaveReportPageTest(java.util.Map)[pri:0, instance:testcases.TestCaseOne@71def8f8]" started-at="2020-04-17T08:02:25Z" name="leaveReportPageTest" data-provider="leavereportProvider" finished-at="2020-04-17T08:02:29Z" depends-on-methods="testcases.TestCaseOne.navigateToLeaveReportsPage" duration-ms="4414" status="PASS">
          <params>
            <param index="0">
              <value>
                <![CDATA[{employee=Fiona Grace, generatefor=Employee}]]>
              </value>
            </param>
          </params>
          <reporter-output>
          </reporter-output>
        </test-method> <!-- leaveReportPageTest -->
        <test-method is-config="true" signature="setup()[pri:0, instance:testcases.TestCaseOne@71def8f8]" started-at="2020-04-17T08:02:29Z" name="setup" finished-at="2020-04-17T08:02:29Z" duration-ms="19" status="PASS">
          <reporter-output>
          </reporter-output>
        </test-method> <!-- setup -->
        <test-method signature="navigateToTimeSheetPage()[pri:0, instance:testcases.TestCaseOne@71def8f8]" started-at="2020-04-17T08:02:29Z" name="navigateToTimeSheetPage" finished-at="2020-04-17T08:02:33Z" depends-on-methods="testcases.TestCaseOne.leaveReportPageTest" duration-ms="3387" status="PASS">
          <reporter-output>
          </reporter-output>
        </test-method> <!-- navigateToTimeSheetPage -->
        <test-method is-config="true" signature="setup()[pri:0, instance:testcases.TestCaseOne@71def8f8]" started-at="2020-04-17T08:02:33Z" name="setup" finished-at="2020-04-17T08:02:33Z" duration-ms="17" status="PASS">
          <reporter-output>
          </reporter-output>
        </test-method> <!-- setup -->
        <test-method signature="getTimeSheetForEmp(java.util.Map)[pri:0, instance:testcases.TestCaseOne@71def8f8]" started-at="2020-04-17T08:02:33Z" name="getTimeSheetForEmp" data-provider="PIMProvider" finished-at="2020-04-17T08:02:37Z" depends-on-methods="testcases.TestCaseOne.navigateToTimeSheetPage" duration-ms="3847" status="PASS">
          <params>
            <param index="0">
              <value>
                <![CDATA[{emptosearch=Hannah Flores}]]>
              </value>
            </param>
          </params>
          <reporter-output>
          </reporter-output>
        </test-method> <!-- getTimeSheetForEmp -->
      </class> <!-- testcases.TestCaseOne -->
    </test> <!-- GenericTest -->
  </suite> <!-- GenericTestingSuite -->
</testng-results>
