<?xml version="1.0" encoding="UTF-8"?>
<testng-results ignored="0" total="3" passed="2" failed="1" skipped="0">
  <reporter-output>
  </reporter-output>
  <suite started-at="2020-04-10T02:39:32Z" name="Suite" finished-at="2020-04-10T02:39:50Z" duration-ms="17173">
    <groups>
    </groups>
    <test started-at="2020-04-10T02:39:32Z" name="Test" finished-at="2020-04-10T02:39:50Z" duration-ms="17173">
      <class name="testcases.test1">
        <test-method is-config="true" signature="setup()[pri:0, instance:testcases.test1@55634720]" started-at="2020-04-10T02:39:33Z" name="setup" finished-at="2020-04-10T02:39:36Z" duration-ms="2728" status="PASS">
          <reporter-output>
          </reporter-output>
        </test-method> <!-- setup -->
        <test-method signature="loginPageTest(java.util.Map)[pri:0, instance:testcases.test1@55634720]" started-at="2020-04-10T02:39:36Z" name="loginPageTest" data-provider="Authentication" finished-at="2020-04-10T02:39:45Z" duration-ms="9250" status="PASS">
          <params>
            <param index="0">
              <value>
                <![CDATA[{uname=Admin, pass=admin123}]]>
              </value>
            </param>
          </params>
          <reporter-output>
          </reporter-output>
        </test-method> <!-- loginPageTest -->
        <test-method is-config="true" signature="setup()[pri:0, instance:testcases.test1@55634720]" started-at="2020-04-10T02:39:45Z" name="setup" finished-at="2020-04-10T02:39:45Z" duration-ms="1" status="PASS">
          <reporter-output>
          </reporter-output>
        </test-method> <!-- setup -->
        <test-method signature="DashBoardTest()[pri:0, instance:testcases.test1@55634720]" started-at="2020-04-10T02:39:45Z" name="DashBoardTest" finished-at="2020-04-10T02:39:49Z" depends-on-methods="testcases.test1.loginPageTest" duration-ms="4291" status="PASS">
          <reporter-output>
          </reporter-output>
        </test-method> <!-- DashBoardTest -->
        <test-method signature="assignPageTest(java.util.Map)[pri:0, instance:testcases.test1@55634720]" started-at="2020-04-10T02:39:49Z" name="assignPageTest" data-provider="AssignLeaveProvider" finished-at="2020-04-10T02:39:50Z" depends-on-methods="testcases.test1.DashBoardTest" duration-ms="417" status="FAIL">
          <params>
            <param index="0">
              <value>
                <![CDATA[{empname=John Smith, duration=Full Day, leavetype=Vacation US , todate=2020-06-01, comment=Vacation, fromdate=2020-05-02}]]>
              </value>
            </param>
          </params>
          <exception class="org.openqa.selenium.NoSuchElementException">
            <message>
              <![CDATA[Cannot locate element with text: Vacation US 
For documentation on this error, please visit: https://www.seleniumhq.org/exceptions/no_such_element.html
Build info: version: '3.141.59', revision: 'e82be7d358', time: '2018-11-14T08:17:03'
System info: host: 'JESUWIN', ip: '192.168.43.142', os.name: 'Windows 10', os.arch: 'amd64', os.version: '10.0', java.version: '12.0.1'
Driver info: driver.version: unknown]]>
            </message>
            <full-stacktrace>
              <![CDATA[org.openqa.selenium.NoSuchElementException: Cannot locate element with text: Vacation US 
For documentation on this error, please visit: https://www.seleniumhq.org/exceptions/no_such_element.html
Build info: version: '3.141.59', revision: 'e82be7d358', time: '2018-11-14T08:17:03'
System info: host: 'JESUWIN', ip: '192.168.43.142', os.name: 'Windows 10', os.arch: 'amd64', os.version: '10.0', java.version: '12.0.1'
Driver info: driver.version: unknown
at org.openqa.selenium.support.ui.Select.selectByVisibleText(Select.java:147)
at base.BasePage.selectElementByVisibleText(BasePage.java:226)
at pages.AssignLeavePage.fillAssignLeaveForm(AssignLeavePage.java:21)
at testcases.test1.assignPageTest(test1.java:58)
at java.base/jdk.internal.reflect.NativeMethodAccessorImpl.invoke0(Native Method)
at java.base/jdk.internal.reflect.NativeMethodAccessorImpl.invoke(NativeMethodAccessorImpl.java:62)
at java.base/jdk.internal.reflect.DelegatingMethodAccessorImpl.invoke(DelegatingMethodAccessorImpl.java:43)
at java.base/java.lang.reflect.Method.invoke(Method.java:567)
at org.testng.internal.MethodInvocationHelper.invokeMethod(MethodInvocationHelper.java:124)
at org.testng.internal.Invoker.invokeMethod(Invoker.java:583)
at org.testng.internal.Invoker.invokeTestMethod(Invoker.java:719)
at org.testng.internal.Invoker.invokeTestMethods(Invoker.java:989)
at org.testng.internal.TestMethodWorker.invokeTestMethods(TestMethodWorker.java:125)
at org.testng.internal.TestMethodWorker.run(TestMethodWorker.java:109)
at org.testng.TestRunner.privateRun(TestRunner.java:648)
at org.testng.TestRunner.run(TestRunner.java:505)
at org.testng.SuiteRunner.runTest(SuiteRunner.java:455)
at org.testng.SuiteRunner.runSequentially(SuiteRunner.java:450)
at org.testng.SuiteRunner.privateRun(SuiteRunner.java:415)
at org.testng.SuiteRunner.run(SuiteRunner.java:364)
at org.testng.SuiteRunnerWorker.runSuite(SuiteRunnerWorker.java:52)
at org.testng.SuiteRunnerWorker.run(SuiteRunnerWorker.java:84)
at org.testng.TestNG.runSuitesSequentially(TestNG.java:1208)
at org.testng.TestNG.runSuitesLocally(TestNG.java:1137)
at org.testng.TestNG.runSuites(TestNG.java:1049)
at org.testng.TestNG.run(TestNG.java:1017)
at org.testng.remote.AbstractRemoteTestNG.run(AbstractRemoteTestNG.java:115)
at org.testng.remote.RemoteTestNG.initAndRun(RemoteTestNG.java:251)
at org.testng.remote.RemoteTestNG.main(RemoteTestNG.java:77)
]]>
            </full-stacktrace>
          </exception> <!-- org.openqa.selenium.NoSuchElementException -->
          <reporter-output>
          </reporter-output>
        </test-method> <!-- assignPageTest -->
        <test-method is-config="true" signature="setup()[pri:0, instance:testcases.test1@55634720]" started-at="2020-04-10T02:39:49Z" name="setup" finished-at="2020-04-10T02:39:49Z" duration-ms="0" status="PASS">
          <reporter-output>
          </reporter-output>
        </test-method> <!-- setup -->
      </class> <!-- testcases.test1 -->
    </test> <!-- Test -->
  </suite> <!-- Suite -->
</testng-results>
