<?xml version="1.0" encoding="UTF-8"?>
<testng-results ignored="0" total="7" passed="7" failed="0" skipped="0">
  <reporter-output>
  </reporter-output>
  <suite started-at="2020-04-16T10:56:12Z" name="GenericTestingSuite" finished-at="2020-04-16T10:56:50Z" duration-ms="37826">
    <groups>
    </groups>
    <test started-at="2020-04-16T10:56:12Z" name="GenericTest" finished-at="2020-04-16T10:56:50Z" duration-ms="37826">
      <class name="testcases.TestCaseOne">
        <test-method is-config="true" signature="setup()[pri:0, instance:testcases.TestCaseOne@d9345cd]" started-at="2020-04-16T10:56:12Z" name="setup" finished-at="2020-04-16T10:56:16Z" duration-ms="3406" status="PASS">
          <reporter-output>
          </reporter-output>
        </test-method> <!-- setup -->
        <test-method signature="loginPageTest(java.util.Map)[pri:0, instance:testcases.TestCaseOne@d9345cd]" started-at="2020-04-16T10:56:16Z" name="loginPageTest" data-provider="Authentication" finished-at="2020-04-16T10:56:22Z" duration-ms="6730" status="PASS">
          <params>
            <param index="0">
              <value>
                <![CDATA[{uname=Admin, pass=admin123}]]>
              </value>
            </param>
          </params>
          <reporter-output>
          </reporter-output>
        </test-method> <!-- loginPageTest -->
        <test-method is-config="true" signature="setup()[pri:0, instance:testcases.TestCaseOne@d9345cd]" started-at="2020-04-16T10:56:22Z" name="setup" finished-at="2020-04-16T10:56:22Z" duration-ms="9" status="PASS">
          <reporter-output>
          </reporter-output>
        </test-method> <!-- setup -->
        <test-method signature="DashBoardTest()[pri:0, instance:testcases.TestCaseOne@d9345cd]" started-at="2020-04-16T10:56:22Z" name="DashBoardTest" finished-at="2020-04-16T10:56:25Z" depends-on-methods="testcases.TestCaseOne.loginPageTest" duration-ms="2767" status="PASS">
          <reporter-output>
          </reporter-output>
        </test-method> <!-- DashBoardTest -->
        <test-method is-config="true" signature="setup()[pri:0, instance:testcases.TestCaseOne@d9345cd]" started-at="2020-04-16T10:56:25Z" name="setup" finished-at="2020-04-16T10:56:25Z" duration-ms="5" status="PASS">
          <reporter-output>
          </reporter-output>
        </test-method> <!-- setup -->
        <test-method signature="assignPageTest(java.util.Map)[pri:0, instance:testcases.TestCaseOne@d9345cd]" started-at="2020-04-16T10:56:25Z" name="assignPageTest" data-provider="AssignLeaveProvider" finished-at="2020-04-16T10:56:36Z" depends-on-methods="testcases.TestCaseOne.DashBoardTest" duration-ms="10964" status="PASS">
          <params>
            <param index="0">
              <value>
                <![CDATA[{empname=John Smith, duration=Full Day, leavetype=FMLA US,Maternity US,Peternity US,Vacation US, todate=2020-06-01, partialday=All Days, comment=Vacation, fromdate=2020-05-01}]]>
              </value>
            </param>
          </params>
          <reporter-output>
          </reporter-output>
        </test-method> <!-- assignPageTest -->
        <test-method is-config="true" signature="setup()[pri:0, instance:testcases.TestCaseOne@d9345cd]" started-at="2020-04-16T10:56:36Z" name="setup" finished-at="2020-04-16T10:56:36Z" duration-ms="11" status="PASS">
          <reporter-output>
          </reporter-output>
        </test-method> <!-- setup -->
        <test-method signature="PimPageTest(java.util.Map)[pri:0, instance:testcases.TestCaseOne@d9345cd]" started-at="2020-04-16T10:56:36Z" name="PimPageTest" data-provider="PIMProvider" finished-at="2020-04-16T10:56:40Z" depends-on-methods="testcases.TestCaseOne.assignPageTest" duration-ms="3970" status="PASS">
          <params>
            <param index="0">
              <value>
                <![CDATA[{emptosearch=Hannah Flores}]]>
              </value>
            </param>
          </params>
          <reporter-output>
          </reporter-output>
        </test-method> <!-- PimPageTest -->
        <test-method is-config="true" signature="setup()[pri:0, instance:testcases.TestCaseOne@d9345cd]" started-at="2020-04-16T10:56:40Z" name="setup" finished-at="2020-04-16T10:56:40Z" duration-ms="6" status="PASS">
          <reporter-output>
          </reporter-output>
        </test-method> <!-- setup -->
        <test-method signature="newEmployeeTest(java.util.Map)[pri:0, instance:testcases.TestCaseOne@d9345cd]" started-at="2020-04-16T10:56:40Z" name="newEmployeeTest" data-provider="newEmpPimProvider" finished-at="2020-04-16T10:56:43Z" depends-on-methods="testcases.TestCaseOne.PimPageTest" duration-ms="3322" status="PASS">
          <params>
            <param index="0">
              <value>
                <![CDATA[{empid=1020.0, middlename=S, firstname=Jesuwin, lastname=Wilfred}]]>
              </value>
            </param>
          </params>
          <reporter-output>
          </reporter-output>
        </test-method> <!-- newEmployeeTest -->
        <test-method is-config="true" signature="setup()[pri:0, instance:testcases.TestCaseOne@d9345cd]" started-at="2020-04-16T10:56:43Z" name="setup" finished-at="2020-04-16T10:56:43Z" duration-ms="6" status="PASS">
          <reporter-output>
          </reporter-output>
        </test-method> <!-- setup -->
        <test-method signature="directoryPageTest(java.util.Map)[pri:0, instance:testcases.TestCaseOne@d9345cd]" started-at="2020-04-16T10:56:43Z" name="directoryPageTest" data-provider="directoryDetails" finished-at="2020-04-16T10:56:46Z" depends-on-methods="testcases.TestCaseOne.newEmployeeTest" duration-ms="2621" status="PASS">
          <params>
            <param index="0">
              <value>
                <![CDATA[{emptosearch=Hannah Flores}]]>
              </value>
            </param>
          </params>
          <reporter-output>
          </reporter-output>
        </test-method> <!-- directoryPageTest -->
        <test-method is-config="true" signature="setup()[pri:0, instance:testcases.TestCaseOne@d9345cd]" started-at="2020-04-16T10:56:46Z" name="setup" finished-at="2020-04-16T10:56:46Z" duration-ms="7" status="PASS">
          <reporter-output>
          </reporter-output>
        </test-method> <!-- setup -->
        <test-method signature="maintenancePageTest(java.util.Map)[pri:0, instance:testcases.TestCaseOne@d9345cd]" started-at="2020-04-16T10:56:46Z" name="maintenancePageTest" data-provider="maintenanceProvider" finished-at="2020-04-16T10:56:50Z" depends-on-methods="testcases.TestCaseOne.directoryPageTest" duration-ms="3461" status="PASS">
          <params>
            <param index="0">
              <value>
                <![CDATA[{emptosearch=Hannah Flores}]]>
              </value>
            </param>
          </params>
          <reporter-output>
          </reporter-output>
        </test-method> <!-- maintenancePageTest -->
      </class> <!-- testcases.TestCaseOne -->
    </test> <!-- GenericTest -->
  </suite> <!-- GenericTestingSuite -->
</testng-results>
