<?xml version="1.0" encoding="UTF-8"?>
<testng-results ignored="0" total="7" passed="7" failed="0" skipped="0">
  <reporter-output>
  </reporter-output>
  <suite started-at="2020-04-15T01:38:54Z" name="Suite" finished-at="2020-04-15T01:39:19Z" duration-ms="25075">
    <groups>
    </groups>
    <test started-at="2020-04-15T01:38:54Z" name="Test" finished-at="2020-04-15T01:39:19Z" duration-ms="25075">
      <class name="testcases.test1">
        <test-method is-config="true" signature="setup()[pri:0, instance:testcases.test1@2d710f1a]" started-at="2020-04-15T01:38:55Z" name="setup" finished-at="2020-04-15T01:38:58Z" duration-ms="3324" status="PASS">
          <reporter-output>
          </reporter-output>
        </test-method> <!-- setup -->
        <test-method signature="loginPageTest(java.util.Map)[pri:0, instance:testcases.test1@2d710f1a]" started-at="2020-04-15T01:38:58Z" name="loginPageTest" data-provider="Authentication" finished-at="2020-04-15T01:39:05Z" duration-ms="7138" status="PASS">
          <params>
            <param index="0">
              <value>
                <![CDATA[{uname=Admin, pass=admin123}]]>
              </value>
            </param>
          </params>
          <reporter-output>
          </reporter-output>
        </test-method> <!-- loginPageTest -->
        <test-method is-config="true" signature="setup()[pri:0, instance:testcases.test1@2d710f1a]" started-at="2020-04-15T01:39:05Z" name="setup" finished-at="2020-04-15T01:39:05Z" duration-ms="7" status="PASS">
          <reporter-output>
          </reporter-output>
        </test-method> <!-- setup -->
        <test-method signature="DashBoardTest()[pri:0, instance:testcases.test1@2d710f1a]" started-at="2020-04-15T01:39:05Z" name="DashBoardTest" finished-at="2020-04-15T01:39:08Z" depends-on-methods="testcases.test1.loginPageTest" duration-ms="2630" status="PASS">
          <reporter-output>
          </reporter-output>
        </test-method> <!-- DashBoardTest -->
        <test-method is-config="true" signature="setup()[pri:0, instance:testcases.test1@2d710f1a]" started-at="2020-04-15T01:39:08Z" name="setup" finished-at="2020-04-15T01:39:08Z" duration-ms="8" status="PASS">
          <reporter-output>
          </reporter-output>
        </test-method> <!-- setup -->
        <test-method signature="assignPageTest(java.util.Map)[pri:0, instance:testcases.test1@2d710f1a]" started-at="2020-04-15T01:39:08Z" name="assignPageTest" data-provider="AssignLeaveProvider" finished-at="2020-04-15T01:39:13Z" depends-on-methods="testcases.test1.DashBoardTest" duration-ms="5331" status="PASS">
          <params>
            <param index="0">
              <value>
                <![CDATA[{empname=John Smith, duration=Full Day, leavetype=Vacation US, todate=2020-06-01, partialday=All Days, comment=Vacation, fromdate=2020-05-02}]]>
              </value>
            </param>
          </params>
          <reporter-output>
          </reporter-output>
        </test-method> <!-- assignPageTest -->
        <test-method is-config="true" signature="setup()[pri:0, instance:testcases.test1@2d710f1a]" started-at="2020-04-15T01:39:13Z" name="setup" finished-at="2020-04-15T01:39:13Z" duration-ms="6" status="PASS">
          <reporter-output>
          </reporter-output>
        </test-method> <!-- setup -->
        <test-method signature="PimPageTest(java.util.Map)[pri:0, instance:testcases.test1@2d710f1a]" started-at="2020-04-15T01:39:13Z" name="PimPageTest" data-provider="PIMProvider" finished-at="2020-04-15T01:39:17Z" depends-on-methods="testcases.test1.assignPageTest" duration-ms="3546" status="PASS">
          <params>
            <param index="0">
              <value>
                <![CDATA[{emptosearch=Hannah Flores}]]>
              </value>
            </param>
          </params>
          <reporter-output>
          </reporter-output>
        </test-method> <!-- PimPageTest -->
        <test-method is-config="true" signature="setup()[pri:0, instance:testcases.test1@2d710f1a]" started-at="2020-04-15T01:39:17Z" name="setup" finished-at="2020-04-15T01:39:17Z" duration-ms="6" status="PASS">
          <reporter-output>
          </reporter-output>
        </test-method> <!-- setup -->
        <test-method signature="newEmployeeTest(java.util.Map)[pri:0, instance:testcases.test1@2d710f1a]" started-at="2020-04-15T01:39:17Z" name="newEmployeeTest" data-provider="newEmpPimProvider" finished-at="2020-04-15T01:39:19Z" depends-on-methods="testcases.test1.PimPageTest" duration-ms="2415" status="PASS">
          <params>
            <param index="0">
              <value>
                <![CDATA[{empid=1020.0, middlename=S, firstname=Jesuwin, lastname=Wilfred}]]>
              </value>
            </param>
          </params>
          <reporter-output>
          </reporter-output>
        </test-method> <!-- newEmployeeTest -->
      </class> <!-- testcases.test1 -->
      <class name="testcases.test2">
        <test-method is-config="true" signature="setup()[pri:0, instance:testcases.test2@29215f06]" started-at="2020-04-15T01:38:54Z" name="setup" finished-at="2020-04-15T01:38:58Z" duration-ms="3536" status="PASS">
          <reporter-output>
          </reporter-output>
        </test-method> <!-- setup -->
        <test-method signature="EportalLoginPageTest()[pri:0, instance:testcases.test2@29215f06]" started-at="2020-04-15T01:38:58Z" name="EportalLoginPageTest" finished-at="2020-04-15T01:39:03Z" duration-ms="5212" status="PASS">
          <reporter-output>
          </reporter-output>
        </test-method> <!-- EportalLoginPageTest -->
        <test-method is-config="true" signature="setup()[pri:0, instance:testcases.test2@29215f06]" started-at="2020-04-15T01:39:03Z" name="setup" finished-at="2020-04-15T01:39:03Z" duration-ms="10" status="PASS">
          <reporter-output>
          </reporter-output>
        </test-method> <!-- setup -->
        <test-method signature="navigateToSakthi()[pri:0, instance:testcases.test2@29215f06]" started-at="2020-04-15T01:39:03Z" name="navigateToSakthi" finished-at="2020-04-15T01:39:03Z" depends-on-methods="testcases.test2.EportalLoginPageTest" duration-ms="35" status="PASS">
          <reporter-output>
          </reporter-output>
        </test-method> <!-- navigateToSakthi -->
      </class> <!-- testcases.test2 -->
    </test> <!-- Test -->
  </suite> <!-- Suite -->
</testng-results>
