<?xml version="1.0" encoding="UTF-8"?>
<testng-results ignored="0" total="5" passed="5" failed="0" skipped="0">
  <reporter-output>
  </reporter-output>
  <suite started-at="2020-04-14T21:15:18Z" name="Suite" finished-at="2020-04-14T21:15:42Z" duration-ms="23697">
    <groups>
    </groups>
    <test started-at="2020-04-14T21:15:18Z" name="Test" finished-at="2020-04-14T21:15:42Z" duration-ms="23697">
      <class name="testcases.test1">
        <test-method is-config="true" signature="setup()[pri:0, instance:testcases.test1@4c1909a3]" started-at="2020-04-14T21:15:19Z" name="setup" finished-at="2020-04-14T21:15:22Z" duration-ms="3403" status="PASS">
          <reporter-output>
          </reporter-output>
        </test-method> <!-- setup -->
        <test-method signature="loginPageTest(java.util.Map)[pri:0, instance:testcases.test1@4c1909a3]" started-at="2020-04-14T21:15:22Z" name="loginPageTest" data-provider="Authentication" finished-at="2020-04-14T21:15:29Z" duration-ms="6910" status="PASS">
          <params>
            <param index="0">
              <value>
                <![CDATA[{uname=Admin, pass=admin123}]]>
              </value>
            </param>
          </params>
          <reporter-output>
          </reporter-output>
        </test-method> <!-- loginPageTest -->
        <test-method is-config="true" signature="setup()[pri:0, instance:testcases.test1@4c1909a3]" started-at="2020-04-14T21:15:29Z" name="setup" finished-at="2020-04-14T21:15:29Z" duration-ms="8" status="PASS">
          <reporter-output>
          </reporter-output>
        </test-method> <!-- setup -->
        <test-method signature="DashBoardTest()[pri:0, instance:testcases.test1@4c1909a3]" started-at="2020-04-14T21:15:29Z" name="DashBoardTest" finished-at="2020-04-14T21:15:32Z" depends-on-methods="testcases.test1.loginPageTest" duration-ms="2407" status="PASS">
          <reporter-output>
          </reporter-output>
        </test-method> <!-- DashBoardTest -->
        <test-method is-config="true" signature="setup()[pri:0, instance:testcases.test1@4c1909a3]" started-at="2020-04-14T21:15:32Z" name="setup" finished-at="2020-04-14T21:15:32Z" duration-ms="6" status="PASS">
          <reporter-output>
          </reporter-output>
        </test-method> <!-- setup -->
        <test-method signature="assignPageTest(java.util.Map)[pri:0, instance:testcases.test1@4c1909a3]" started-at="2020-04-14T21:15:32Z" name="assignPageTest" data-provider="AssignLeaveProvider" finished-at="2020-04-14T21:15:37Z" depends-on-methods="testcases.test1.DashBoardTest" duration-ms="5146" status="PASS">
          <params>
            <param index="0">
              <value>
                <![CDATA[{empname=John Smith, duration=Full Day, leavetype=Vacation US, todate=2020-06-01, partialday=All Days, comment=Vacation, fromdate=2020-05-02}]]>
              </value>
            </param>
          </params>
          <reporter-output>
          </reporter-output>
        </test-method> <!-- assignPageTest -->
        <test-method is-config="true" signature="setup()[pri:0, instance:testcases.test1@4c1909a3]" started-at="2020-04-14T21:15:37Z" name="setup" finished-at="2020-04-14T21:15:37Z" duration-ms="7" status="PASS">
          <reporter-output>
          </reporter-output>
        </test-method> <!-- setup -->
        <test-method signature="PimPageTest(java.util.Map)[pri:0, instance:testcases.test1@4c1909a3]" started-at="2020-04-14T21:15:37Z" name="PimPageTest" data-provider="PIMProvider" finished-at="2020-04-14T21:15:40Z" depends-on-methods="testcases.test1.assignPageTest" duration-ms="3002" status="PASS">
          <params>
            <param index="0">
              <value>
                <![CDATA[{emptosearch=Hannah Flores}]]>
              </value>
            </param>
          </params>
          <reporter-output>
          </reporter-output>
        </test-method> <!-- PimPageTest -->
        <test-method is-config="true" signature="setup()[pri:0, instance:testcases.test1@4c1909a3]" started-at="2020-04-14T21:15:40Z" name="setup" finished-at="2020-04-14T21:15:40Z" duration-ms="7" status="PASS">
          <reporter-output>
          </reporter-output>
        </test-method> <!-- setup -->
        <test-method signature="newEmployeeTest(java.util.Map)[pri:0, instance:testcases.test1@4c1909a3]" started-at="2020-04-14T21:15:40Z" name="newEmployeeTest" data-provider="newEmpPimProvider" finished-at="2020-04-14T21:15:42Z" depends-on-methods="testcases.test1.PimPageTest" duration-ms="2314" status="PASS">
          <params>
            <param index="0">
              <value>
                <![CDATA[{empid=1020.0, middlename=S, firstname=Jesuwin, lastname=Wilfred}]]>
              </value>
            </param>
          </params>
          <reporter-output>
          </reporter-output>
        </test-method> <!-- newEmployeeTest -->
      </class> <!-- testcases.test1 -->
    </test> <!-- Test -->
  </suite> <!-- Suite -->
</testng-results>
