<?xml version="1.0" encoding="UTF-8"?>
<testng-results ignored="0" total="1" passed="1" failed="0" skipped="0">
  <reporter-output>
  </reporter-output>
  <suite started-at="2020-04-09T20:21:20Z" name="Default suite" finished-at="2020-04-09T20:21:27Z" duration-ms="7368">
    <groups>
    </groups>
    <test started-at="2020-04-09T20:21:20Z" name="Default test" finished-at="2020-04-09T20:21:27Z" duration-ms="7368">
      <class name="testcases.test1">
        <test-method signature="f(java.util.Map)[pri:0, instance:testcases.test1@2c1b194a]" started-at="2020-04-09T20:21:20Z" name="f" data-provider="Authentication" finished-at="2020-04-09T20:21:27Z" duration-ms="7047" status="PASS">
          <params>
            <param index="0">
              <value>
                <![CDATA[{uname=jesuwin, pass=jesuwin}]]>
              </value>
            </param>
          </params>
          <reporter-output>
          </reporter-output>
        </test-method> <!-- f -->
      </class> <!-- testcases.test1 -->
    </test> <!-- Default test -->
  </suite> <!-- Default suite -->
</testng-results>
