<?xml version="1.0" encoding="UTF-8"?>
<testng-results ignored="0" total="7" passed="7" failed="0" skipped="0">
  <reporter-output>
  </reporter-output>
  <suite started-at="2020-04-16T10:45:48Z" name="GenericTestingSuite" finished-at="2020-04-16T10:46:24Z" duration-ms="36060">
    <groups>
    </groups>
    <test started-at="2020-04-16T10:45:48Z" name="GenericTest" finished-at="2020-04-16T10:46:24Z" duration-ms="36060">
      <class name="testcases.TestCaseOne">
        <test-method is-config="true" signature="setup()[pri:0, instance:testcases.TestCaseOne@d9345cd]" started-at="2020-04-16T10:45:48Z" name="setup" finished-at="2020-04-16T10:45:52Z" duration-ms="3445" status="PASS">
          <reporter-output>
          </reporter-output>
        </test-method> <!-- setup -->
        <test-method signature="loginPageTest(java.util.Map)[pri:0, instance:testcases.TestCaseOne@d9345cd]" started-at="2020-04-16T10:45:52Z" name="loginPageTest" data-provider="Authentication" finished-at="2020-04-16T10:45:58Z" duration-ms="6683" status="PASS">
          <params>
            <param index="0">
              <value>
                <![CDATA[{uname=Admin, pass=admin123}]]>
              </value>
            </param>
          </params>
          <reporter-output>
          </reporter-output>
        </test-method> <!-- loginPageTest -->
        <test-method is-config="true" signature="setup()[pri:0, instance:testcases.TestCaseOne@d9345cd]" started-at="2020-04-16T10:45:58Z" name="setup" finished-at="2020-04-16T10:45:58Z" duration-ms="9" status="PASS">
          <reporter-output>
          </reporter-output>
        </test-method> <!-- setup -->
        <test-method signature="DashBoardTest()[pri:0, instance:testcases.TestCaseOne@d9345cd]" started-at="2020-04-16T10:45:58Z" name="DashBoardTest" finished-at="2020-04-16T10:46:01Z" depends-on-methods="testcases.TestCaseOne.loginPageTest" duration-ms="2767" status="PASS">
          <reporter-output>
          </reporter-output>
        </test-method> <!-- DashBoardTest -->
        <test-method is-config="true" signature="setup()[pri:0, instance:testcases.TestCaseOne@d9345cd]" started-at="2020-04-16T10:46:01Z" name="setup" finished-at="2020-04-16T10:46:01Z" duration-ms="6" status="PASS">
          <reporter-output>
          </reporter-output>
        </test-method> <!-- setup -->
        <test-method signature="assignPageTest(java.util.Map)[pri:0, instance:testcases.TestCaseOne@d9345cd]" started-at="2020-04-16T10:46:01Z" name="assignPageTest" data-provider="AssignLeaveProvider" finished-at="2020-04-16T10:46:10Z" depends-on-methods="testcases.TestCaseOne.DashBoardTest" duration-ms="9140" status="PASS">
          <params>
            <param index="0">
              <value>
                <![CDATA[{empname=John Smith, duration=Full Day, leavetype=FMLA US,Maternity US,Peternity US,Vacation US, todate=2020-06-01, partialday=All Days, comment=Vacation, fromdate=2020-05-01}]]>
              </value>
            </param>
          </params>
          <reporter-output>
          </reporter-output>
        </test-method> <!-- assignPageTest -->
        <test-method is-config="true" signature="setup()[pri:0, instance:testcases.TestCaseOne@d9345cd]" started-at="2020-04-16T10:46:10Z" name="setup" finished-at="2020-04-16T10:46:10Z" duration-ms="7" status="PASS">
          <reporter-output>
          </reporter-output>
        </test-method> <!-- setup -->
        <test-method signature="PimPageTest(java.util.Map)[pri:0, instance:testcases.TestCaseOne@d9345cd]" started-at="2020-04-16T10:46:10Z" name="PimPageTest" data-provider="PIMProvider" finished-at="2020-04-16T10:46:15Z" depends-on-methods="testcases.TestCaseOne.assignPageTest" duration-ms="4420" status="PASS">
          <params>
            <param index="0">
              <value>
                <![CDATA[{emptosearch=Hannah Flores}]]>
              </value>
            </param>
          </params>
          <reporter-output>
          </reporter-output>
        </test-method> <!-- PimPageTest -->
        <test-method is-config="true" signature="setup()[pri:0, instance:testcases.TestCaseOne@d9345cd]" started-at="2020-04-16T10:46:15Z" name="setup" finished-at="2020-04-16T10:46:15Z" duration-ms="6" status="PASS">
          <reporter-output>
          </reporter-output>
        </test-method> <!-- setup -->
        <test-method signature="newEmployeeTest(java.util.Map)[pri:0, instance:testcases.TestCaseOne@d9345cd]" started-at="2020-04-16T10:46:15Z" name="newEmployeeTest" data-provider="newEmpPimProvider" finished-at="2020-04-16T10:46:18Z" depends-on-methods="testcases.TestCaseOne.PimPageTest" duration-ms="3328" status="PASS">
          <params>
            <param index="0">
              <value>
                <![CDATA[{empid=1020.0, middlename=S, firstname=Jesuwin, lastname=Wilfred}]]>
              </value>
            </param>
          </params>
          <reporter-output>
          </reporter-output>
        </test-method> <!-- newEmployeeTest -->
        <test-method is-config="true" signature="setup()[pri:0, instance:testcases.TestCaseOne@d9345cd]" started-at="2020-04-16T10:46:18Z" name="setup" finished-at="2020-04-16T10:46:18Z" duration-ms="7" status="PASS">
          <reporter-output>
          </reporter-output>
        </test-method> <!-- setup -->
        <test-method signature="directoryPageTest(java.util.Map)[pri:0, instance:testcases.TestCaseOne@d9345cd]" started-at="2020-04-16T10:46:18Z" name="directoryPageTest" data-provider="directoryDetails" finished-at="2020-04-16T10:46:20Z" depends-on-methods="testcases.TestCaseOne.newEmployeeTest" duration-ms="2415" status="PASS">
          <params>
            <param index="0">
              <value>
                <![CDATA[{emptosearch=Hannah Flores}]]>
              </value>
            </param>
          </params>
          <reporter-output>
          </reporter-output>
        </test-method> <!-- directoryPageTest -->
        <test-method is-config="true" signature="setup()[pri:0, instance:testcases.TestCaseOne@d9345cd]" started-at="2020-04-16T10:46:21Z" name="setup" finished-at="2020-04-16T10:46:21Z" duration-ms="6" status="PASS">
          <reporter-output>
          </reporter-output>
        </test-method> <!-- setup -->
        <test-method signature="maintenancePageTest(java.util.Map)[pri:0, instance:testcases.TestCaseOne@d9345cd]" started-at="2020-04-16T10:46:21Z" name="maintenancePageTest" data-provider="maintenanceProvider" finished-at="2020-04-16T10:46:24Z" depends-on-methods="testcases.TestCaseOne.directoryPageTest" duration-ms="3287" status="PASS">
          <params>
            <param index="0">
              <value>
                <![CDATA[{emptosearch=Hannah Flores}]]>
              </value>
            </param>
          </params>
          <reporter-output>
          </reporter-output>
        </test-method> <!-- maintenancePageTest -->
      </class> <!-- testcases.TestCaseOne -->
    </test> <!-- GenericTest -->
  </suite> <!-- GenericTestingSuite -->
</testng-results>
