<?xml version="1.0" encoding="UTF-8"?>
<testng-results ignored="0" total="1" passed="1" failed="0" skipped="0">
  <reporter-output>
  </reporter-output>
  <suite started-at="2020-04-09T22:42:43Z" name="Default suite" finished-at="2020-04-09T22:42:51Z" duration-ms="7873">
    <groups>
    </groups>
    <test started-at="2020-04-09T22:42:43Z" name="Default test" finished-at="2020-04-09T22:42:51Z" duration-ms="7873">
      <class name="testcases.test1">
        <test-method is-config="true" signature="setup()[pri:0, instance:testcases.test1@201a4587]" started-at="2020-04-09T22:42:43Z" name="setup" finished-at="2020-04-09T22:42:45Z" duration-ms="2216" status="PASS">
          <reporter-output>
          </reporter-output>
        </test-method> <!-- setup -->
        <test-method signature="loginTest(java.util.Map)[pri:0, instance:testcases.test1@201a4587]" started-at="2020-04-09T22:42:45Z" name="loginTest" data-provider="Authentication" finished-at="2020-04-09T22:42:51Z" duration-ms="5334" status="PASS">
          <params>
            <param index="0">
              <value>
                <![CDATA[{uname=jesuwin, pass=jesuwin}]]>
              </value>
            </param>
          </params>
          <reporter-output>
          </reporter-output>
        </test-method> <!-- loginTest -->
      </class> <!-- testcases.test1 -->
    </test> <!-- Default test -->
  </suite> <!-- Default suite -->
</testng-results>
