<?xml version="1.0" encoding="UTF-8"?>
<!-- Generated by org.testng.reporters.JUnitXMLReporter -->
<testsuite ignored="0" hostname="Jesuwin" failures="0" tests="7" name="GenericTest" time="35.359" errors="0" timestamp="15 Apr 2020 06:58:01 GMT">
  <testcase classname="testcases.TestCaseTwo" name="EportalLoginPageTest" time="7.807"/>
  <testcase classname="testcases.TestCaseOne" name="loginPageTest" time="7.738"/>
  <testcase classname="testcases.TestCaseTwo" name="navigateToSakthi" time="0.118"/>
  <testcase classname="testcases.TestCaseOne" name="DashBoardTest" time="2.627"/>
  <testcase classname="testcases.TestCaseOne" name="assignPageTest" time="10.599"/>
  <testcase classname="testcases.TestCaseOne" name="PimPageTest" time="5.498"/>
  <testcase classname="testcases.TestCaseOne" name="newEmployeeTest" time="4.536"/>
</testsuite> <!-- GenericTest -->
