<?xml version="1.0" encoding="UTF-8"?>
<!-- Generated by org.testng.reporters.JUnitXMLReporter -->
<testsuite ignored="0" hostname="Jesuwin" failures="0" tests="15" name="GenericTest" time="49.184" errors="0" timestamp="17 Apr 2020 04:55:59 GMT">
  <testcase classname="testcases.TestCaseTwo" name="EportalLoginPageTest" time="7.795"/>
  <testcase classname="testcases.TestCaseOne" name="loginPageTest" time="7.446"/>
  <testcase classname="testcases.TestCaseTwo" name="navigateToSakthi" time="1.557"/>
  <testcase classname="testcases.TestCaseOne" name="DashBoardTest" time="1.365"/>
  <testcase classname="testcases.TestCaseOne" name="assignPageTest" time="11.235"/>
  <testcase classname="testcases.TestCaseOne" name="goToPIMModule" time="1.163"/>
  <testcase classname="testcases.TestCaseOne" name="PimPageTest" time="3.45"/>
  <testcase classname="testcases.TestCaseOne" name="newEmployeeTest" time="3.555"/>
  <testcase classname="testcases.TestCaseOne" name="directoryPageTest" time="2.581"/>
  <testcase classname="testcases.TestCaseOne" name="goToPurgeRecords" time="0.999"/>
  <testcase classname="testcases.TestCaseOne" name="maintenancePageTest" time="2.459"/>
  <testcase classname="testcases.TestCaseOne" name="navigateToLeaveReportsPage" time="0.942"/>
  <testcase classname="testcases.TestCaseOne" name="leaveReportPageTest" time="4.704"/>
  <testcase classname="testcases.TestCaseOne" name="navigateToTimeSheetPage" time="3.142"/>
  <testcase classname="testcases.TestCaseOne" name="getTimeSheetForEmp" time="0.21"/>
</testsuite> <!-- GenericTest -->
